<?xml version="1.0" encoding="UTF-8"?>
<!-- Generated by org.testng.reporters.JUnitXMLReporter -->
<testsuite ignored="1" hostname="ME-PC" failures="0" tests="10" name="Regration" time="17.999" errors="0" timestamp="2022-06-20T23:38:51 IST">
  <testcase classname="Test.CovertinfblogintoTestNG" name="loginPageTest" time="0.244"/>
  <testcase classname="Test.CovertinfblogintoTestNG" name="loginWithOnlyUserTest" time="0.123"/>
  <testcase classname="Test.keywords" name="test2" time="0.001"/>
  <testcase classname="Test.keywords" name="test3" time="0.002"/>
  <testcase classname="Test.keywords" name="test3" time="0.004"/>
  <testcase classname="Test.keywords" name="test5" time="0.002"/>
  <testcase classname="Test.keywords" name="test1" time="1.012"/>
  <testcase classname="Test.TestNGAnnotation" name="test1" time="0.002"/>
  <testcase classname="Test.TestNGAnnotation" name="test2" time="0.002"/>
  <testcase classname="Test.TestNGAnnotation" name="test3" time="0.002"/>
  <testcase classname="Test.keywords" name="test4" time="0.0">
    <ignored/>
  </testcase> <!-- test4 -->
</testsuite> <!-- Regration -->
